<?xml version="1.0" encoding="UTF-8"?>
<!-- Generated by org.testng.reporters.JUnitReportReporter -->
<testsuite hostname="fabiant-wilt0" failures="0" tests="1" name="com.test.practice1.Assertions" time="0.000" errors="0" timestamp="2022-09-18T17:01:51 CEST" skipped="1">
  <testcase classname="com.test.practice1.Assertions" name="TestGoogle" time="0.000">
    <skipped/>
  </testcase> <!-- TestGoogle -->
  <system-out/>
</testsuite> <!-- com.test.practice1.Assertions -->
