<?xml version="1.0" encoding="UTF-8"?>
<!-- Generated by org.testng.reporters.JUnitReportReporter -->
<testsuite hostname="fabiant-wilt0" failures="0" tests="6" name="com.test.practice1.test12" time="0.001" errors="0" timestamp="2022-09-18T17:02:40 CEST" skipped="6">
  <testcase classname="com.test.practice1.test12" name="NavigateToRecruitmentPage" time="0.000">
    <skipped/>
  </testcase> <!-- NavigateToRecruitmentPage -->
  <system-out/>
  <testcase classname="com.test.practice1.test12" name="LaunchBrowser" time="0.000">
    <skipped/>
  </testcase> <!-- LaunchBrowser -->
  <system-out/>
  <testcase classname="com.test.practice1.test12" name="LoginDetails" time="0.000">
    <skipped/>
  </testcase> <!-- LoginDetails -->
  <system-out/>
  <testcase classname="com.test.practice1.test12" name="NavigateToMyInfopage" time="0.001">
    <skipped/>
  </testcase> <!-- NavigateToMyInfopage -->
  <system-out/>
  <testcase classname="com.test.practice1.test12" name="Verifylogin" time="0.000">
    <skipped/>
  </testcase> <!-- Verifylogin -->
  <system-out/>
  <testcase classname="com.test.practice1.test12" name="NavigateToPersonlInformation" time="0.000">
    <skipped/>
  </testcase> <!-- NavigateToPersonlInformation -->
  <system-out/>
</testsuite> <!-- com.test.practice1.test12 -->
