<?xml version="1.0" encoding="UTF-8"?>
<!-- Generated by org.testng.reporters.JUnitReportReporter -->
<testsuite hostname="fabiant-wilt0" failures="0" tests="4" name="com.test.practice1.DP1" time="51.756" errors="0" timestamp="2022-09-30T05:46:11 CEST" skipped="0">
  <testcase classname="com.test.practice1.DP1" name="GetLoginDetails" time="12.687"/>
  <system-out/>
  <testcase classname="com.test.practice1.DP1" name="GetLoginDetails" time="13.081"/>
  <system-out/>
  <testcase classname="com.test.practice1.DP1" name="GetLoginDetails" time="12.874"/>
  <system-out/>
  <testcase classname="com.test.practice1.DP1" name="GetLoginDetails" time="13.114"/>
  <system-out/>
</testsuite> <!-- com.test.practice1.DP1 -->
