<?xml version="1.0" encoding="UTF-8"?>
<!-- Generated by org.testng.reporters.JUnitReportReporter -->
<testsuite hostname="fabiant-wilt0" failures="0" tests="4" name="com.test.practice1.DP1" time="28.771" errors="0" timestamp="2022-09-10T10:42:18 CEST" skipped="0">
  <testcase classname="com.test.practice1.DP1" name="GetLoginDetails" time="6.337"/>
  <system-out/>
  <testcase classname="com.test.practice1.DP1" name="GetLoginDetails" time="6.217"/>
  <system-out/>
  <testcase classname="com.test.practice1.DP1" name="GetLoginDetails" time="8.171"/>
  <system-out/>
  <testcase classname="com.test.practice1.DP1" name="GetLoginDetails" time="8.046"/>
  <system-out/>
</testsuite> <!-- com.test.practice1.DP1 -->
