<?xml version="1.0" encoding="UTF-8"?>
<!-- Generated by org.testng.reporters.JUnitReportReporter -->
<testsuite hostname="fabiant-wilt0" failures="0" tests="6" name="com.test.practice1.ParaOrangeHRM" time="9.048" errors="0" timestamp="2022-09-03T10:01:47 CEST" skipped="0">
  <testcase classname="com.test.practice1.ParaOrangeHRM" name="LaunchApplication" time="4.324"/>
  <system-out/>
  <testcase classname="com.test.practice1.ParaOrangeHRM" name="NavigateToMyInfopage" time="2.967"/>
  <system-out/>
  <testcase classname="com.test.practice1.ParaOrangeHRM" name="LoginDetails" time="0.353"/>
  <system-out/>
  <testcase classname="com.test.practice1.ParaOrangeHRM" name="VerifyMyInfoPage" time="0.062"/>
  <system-out/>
  <testcase classname="com.test.practice1.ParaOrangeHRM" name="NavigateToRecruitmentpage" time="1.269"/>
  <system-out/>
  <testcase classname="com.test.practice1.ParaOrangeHRM" name="VerifyLogin" time="0.073"/>
  <system-out/>
</testsuite> <!-- com.test.practice1.ParaOrangeHRM -->
