<?xml version="1.0" encoding="UTF-8"?>
<!-- Generated by org.testng.reporters.JUnitReportReporter -->
<testsuite hostname="fabiant-wilt0" failures="0" tests="2" name="com.test.practice1.FirstTest" time="9.553" errors="0" timestamp="2022-09-03T10:01:47 CEST" skipped="0">
  <testcase classname="com.test.practice1.FirstTest" name="TestGoogle" time="4.541"/>
  <system-out/>
  <testcase classname="com.test.practice1.FirstTest" name="TestFacebook" time="5.012"/>
  <system-out/>
</testsuite> <!-- com.test.practice1.FirstTest -->
