<?xml version="1.0" encoding="UTF-8"?>
<!-- Generated by org.testng.reporters.JUnitReportReporter -->
<testsuite hostname="fabiant-wilt0" failures="0" tests="2" name="com.test.practice1.FirstTest" time="0.000" errors="0" timestamp="2022-09-18T17:02:40 CEST" skipped="2">
  <testcase classname="com.test.practice1.FirstTest" name="TestGoogle" time="0.000">
    <skipped/>
  </testcase> <!-- TestGoogle -->
  <system-out/>
  <testcase classname="com.test.practice1.FirstTest" name="TestFacebook" time="0.000">
    <skipped/>
  </testcase> <!-- TestFacebook -->
  <system-out/>
</testsuite> <!-- com.test.practice1.FirstTest -->
