<?xml version="1.0" encoding="UTF-8"?>
<!-- Generated by org.testng.reporters.JUnitReportReporter -->
<testsuite hostname="fabiant-wilt0" failures="0" tests="4" name="com.test.practice1.DP1" time="30.189" errors="0" timestamp="2022-09-18T17:06:16 CEST" skipped="0">
  <testcase classname="com.test.practice1.DP1" name="GetLoginDetails" time="6.276"/>
  <system-out/>
  <testcase classname="com.test.practice1.DP1" name="GetLoginDetails" time="8.790"/>
  <system-out/>
  <testcase classname="com.test.practice1.DP1" name="GetLoginDetails" time="8.805"/>
  <system-out/>
  <testcase classname="com.test.practice1.DP1" name="GetLoginDetails" time="6.318"/>
  <system-out/>
</testsuite> <!-- com.test.practice1.DP1 -->
