<?xml version="1.0" encoding="UTF-8"?>
<!-- Generated by org.testng.reporters.JUnitReportReporter -->
<testsuite hostname="fabiant-wilt0" failures="0" tests="6" name="com.test.practice1.test12" time="8.032" errors="0" timestamp="2022-09-15T12:07:05 CEST" skipped="0">
  <testcase classname="com.test.practice1.test12" name="Verifylogin" time="0.060"/>
  <system-out/>
  <testcase classname="com.test.practice1.test12" name="LaunchBrowser" time="3.239"/>
  <system-out/>
  <testcase classname="com.test.practice1.test12" name="NavigateToMyInfopage" time="3.062"/>
  <system-out/>
  <testcase classname="com.test.practice1.test12" name="LoginDetails" time="0.294"/>
  <system-out/>
  <testcase classname="com.test.practice1.test12" name="NavigateToPersonlInformation" time="0.051"/>
  <system-out/>
  <testcase classname="com.test.practice1.test12" name="NavigateToRecruitmentPage" time="1.326"/>
  <system-out/>
</testsuite> <!-- com.test.practice1.test12 -->
