<?xml version="1.0" encoding="UTF-8"?>
<!-- Generated by org.testng.reporters.JUnitReportReporter -->
<testsuite hostname="fabiant-wilt0" failures="0" tests="1" name="com.test.practice1.Assertions" time="12.201" errors="0" timestamp="2022-09-03T09:37:47 CEST" skipped="0">
  <testcase classname="com.test.practice1.Assertions" name="TestGoogle" time="12.201"/>
  <system-out/>
</testsuite> <!-- com.test.practice1.Assertions -->
